<?xml version="1.0" encoding="UTF-8"?>
<coverage generated="1623587005692" clover="3.2.0">
  <project timestamp="1623587005692" name="All files">
    <metrics statements="99" coveredstatements="56" conditionals="38" coveredconditionals="13" methods="33" coveredmethods="25" elements="170" coveredelements="94" complexity="0" loc="99" ncloc="99" packages="1" files="7" classes="7"/>
    <file name="App.js" path="C:\Users\HP\Documents\portfolio-website\meet-app\src\App.js">
      <metrics statements="12" coveredstatements="12" conditionals="4" coveredconditionals="4" methods="7" coveredmethods="7"/>
      <line num="12" count="9" type="stmt"/>
      <line num="20" count="9" type="stmt"/>
      <line num="22" count="2" type="stmt"/>
      <line num="23" count="2" type="cond" truecount="2" falsecount="0"/>
      <line num="25" count="2" type="stmt"/>
      <line num="26" count="2" type="stmt"/>
      <line num="35" count="9" type="stmt"/>
      <line num="36" count="9" type="stmt"/>
      <line num="37" count="9" type="cond" truecount="2" falsecount="0"/>
      <line num="38" count="6" type="stmt"/>
      <line num="46" count="5" type="stmt"/>
      <line num="50" count="17" type="stmt"/>
    </file>
    <file name="CitySearch.js" path="C:\Users\HP\Documents\portfolio-website\meet-app\src\CitySearch.js">
      <metrics statements="13" coveredstatements="13" conditionals="2" coveredconditionals="2" methods="8" coveredmethods="8"/>
      <line num="6" count="6" type="stmt"/>
      <line num="11" count="6" type="stmt"/>
      <line num="12" count="2" type="stmt"/>
      <line num="13" count="2" type="stmt"/>
      <line num="14" count="4" type="stmt"/>
      <line num="16" count="2" type="stmt"/>
      <line num="22" count="6" type="stmt"/>
      <line num="23" count="4" type="stmt"/>
      <line num="27" count="4" type="stmt"/>
      <line num="30" count="23" type="stmt"/>
      <line num="38" count="1" type="stmt"/>
      <line num="42" count="17" type="stmt"/>
      <line num="44" count="1" type="stmt"/>
    </file>
    <file name="Event.js" path="C:\Users\HP\Documents\portfolio-website\meet-app\src\Event.js">
      <metrics statements="8" coveredstatements="8" conditionals="6" coveredconditionals="6" methods="3" coveredmethods="3"/>
      <line num="6" count="5" type="stmt"/>
      <line num="11" count="5" type="stmt"/>
      <line num="12" count="2" type="cond" truecount="2" falsecount="0"/>
      <line num="13" count="1" type="stmt"/>
      <line num="15" count="1" type="stmt"/>
      <line num="20" count="12" type="stmt"/>
      <line num="22" count="12" type="stmt"/>
      <line num="36" count="2" type="stmt"/>
    </file>
    <file name="EventList.js" path="C:\Users\HP\Documents\portfolio-website\meet-app\src\EventList.js">
      <metrics statements="3" coveredstatements="3" conditionals="0" coveredconditionals="0" methods="2" coveredmethods="2"/>
      <line num="10" count="10" type="stmt"/>
      <line num="12" count="10" type="stmt"/>
      <line num="15" count="9" type="stmt"/>
    </file>
    <file name="NumberOfEvents.js" path="C:\Users\HP\Documents\portfolio-website\meet-app\src\NumberOfEvents.js">
      <metrics statements="5" coveredstatements="5" conditionals="0" coveredconditionals="0" methods="2" coveredmethods="2"/>
      <line num="5" count="7" type="stmt"/>
      <line num="8" count="7" type="stmt"/>
      <line num="9" count="1" type="stmt"/>
      <line num="10" count="1" type="stmt"/>
      <line num="16" count="12" type="stmt"/>
    </file>
    <file name="api.js" path="C:\Users\HP\Documents\portfolio-website\meet-app\src\api.js">
      <metrics statements="56" coveredstatements="13" conditionals="26" coveredconditionals="1" methods="11" coveredmethods="3"/>
      <line num="5" count="2" type="stmt"/>
      <line num="6" count="18" type="stmt"/>
      <line num="7" count="9" type="stmt"/>
      <line num="8" count="9" type="stmt"/>
      <line num="11" count="2" type="stmt"/>
      <line num="12" count="0" type="stmt"/>
      <line num="15" count="0" type="stmt"/>
      <line num="16" count="0" type="stmt"/>
      <line num="18" count="0" type="stmt"/>
      <line num="21" count="2" type="stmt"/>
      <line num="22" count="13" type="stmt"/>
      <line num="24" count="13" type="cond" truecount="1" falsecount="1"/>
      <line num="25" count="13" type="stmt"/>
      <line num="26" count="13" type="stmt"/>
      <line num="29" count="0" type="cond" truecount="0" falsecount="2"/>
      <line num="30" count="0" type="stmt"/>
      <line num="31" count="0" type="stmt"/>
      <line num="32" count="0" type="stmt"/>
      <line num="33" count="0" type="cond" truecount="0" falsecount="2"/>
      <line num="37" count="0" type="stmt"/>
      <line num="39" count="0" type="cond" truecount="0" falsecount="2"/>
      <line num="40" count="0" type="stmt"/>
      <line num="41" count="0" type="stmt"/>
      <line num="42" count="0" type="stmt"/>
      <line num="43" count="0" type="cond" truecount="0" falsecount="2"/>
      <line num="44" count="0" type="stmt"/>
      <line num="45" count="0" type="stmt"/>
      <line num="46" count="0" type="stmt"/>
      <line num="48" count="0" type="stmt"/>
      <line num="49" count="0" type="stmt"/>
      <line num="53" count="2" type="stmt"/>
      <line num="54" count="0" type="stmt"/>
      <line num="55" count="0" type="cond" truecount="0" falsecount="2"/>
      <line num="57" count="0" type="cond" truecount="0" falsecount="4"/>
      <line num="58" count="0" type="stmt"/>
      <line num="59" count="0" type="stmt"/>
      <line num="60" count="0" type="stmt"/>
      <line num="61" count="0" type="cond" truecount="0" falsecount="2"/>
      <line num="62" count="0" type="stmt"/>
      <line num="65" count="0" type="stmt"/>
      <line num="66" count="0" type="stmt"/>
      <line num="68" count="0" type="cond" truecount="0" falsecount="2"/>
      <line num="70" count="0" type="stmt"/>
      <line num="73" count="2" type="stmt"/>
      <line num="74" count="0" type="cond" truecount="0" falsecount="4"/>
      <line num="76" count="0" type="stmt"/>
      <line num="80" count="0" type="stmt"/>
      <line num="82" count="0" type="stmt"/>
      <line num="83" count="0" type="stmt"/>
      <line num="87" count="2" type="stmt"/>
      <line num="88" count="0" type="stmt"/>
      <line num="89" count="0" type="stmt"/>
      <line num="93" count="0" type="stmt"/>
      <line num="95" count="0" type="stmt"/>
      <line num="97" count="0" type="cond" truecount="0" falsecount="2"/>
      <line num="99" count="0" type="stmt"/>
    </file>
    <file name="mock-data.js" path="C:\Users\HP\Documents\portfolio-website\meet-app\src\mock-data.js">
      <metrics statements="2" coveredstatements="2" conditionals="0" coveredconditionals="0" methods="0" coveredmethods="0"/>
      <line num="3" count="4" type="stmt"/>
      <line num="84" count="4" type="stmt"/>
    </file>
  </project>
</coverage>
