{"C:\\Users\\HP\\Documents\\portfolio-website\\meet-app\\src\\App.js": {"path":"C:\\Users\\HP\\Documents\\portfolio-website\\meet-app\\src\\App.js","statementMap":{"0":{"start":{"line":12,"column":10},"end":{"line":18,"column":3}},"1":{"start":{"line":20,"column":17},"end":{"line":32,"column":3}},"2":{"start":{"line":22,"column":4},"end":{"line":31,"column":7}},"3":{"start":{"line":23,"column":29},"end":{"line":25,"column":61}},"4":{"start":{"line":25,"column":33},"end":{"line":25,"column":60}},"5":{"start":{"line":26,"column":6},"end":{"line":30,"column":9}},"6":{"start":{"line":35,"column":4},"end":{"line":35,"column":24}},"7":{"start":{"line":36,"column":4},"end":{"line":42,"column":7}},"8":{"start":{"line":37,"column":6},"end":{"line":41,"column":7}},"9":{"start":{"line":38,"column":8},"end":{"line":40,"column":11}},"10":{"start":{"line":46,"column":4},"end":{"line":46,"column":25}},"11":{"start":{"line":50,"column":2},"end":{"line":56,"column":4}}},"fnMap":{"0":{"name":"(anonymous_0)","decl":{"start":{"line":20,"column":17},"end":{"line":20,"column":18}},"loc":{"start":{"line":20,"column":42},"end":{"line":32,"column":3}},"line":20},"1":{"name":"(anonymous_1)","decl":{"start":{"line":22,"column":21},"end":{"line":22,"column":22}},"loc":{"start":{"line":22,"column":33},"end":{"line":31,"column":5}},"line":22},"2":{"name":"(anonymous_2)","decl":{"start":{"line":25,"column":22},"end":{"line":25,"column":23}},"loc":{"start":{"line":25,"column":33},"end":{"line":25,"column":60}},"line":25},"3":{"name":"(anonymous_3)","decl":{"start":{"line":34,"column":2},"end":{"line":34,"column":3}},"loc":{"start":{"line":34,"column":22},"end":{"line":43,"column":3}},"line":34},"4":{"name":"(anonymous_4)","decl":{"start":{"line":36,"column":21},"end":{"line":36,"column":22}},"loc":{"start":{"line":36,"column":33},"end":{"line":42,"column":5}},"line":36},"5":{"name":"(anonymous_5)","decl":{"start":{"line":45,"column":2},"end":{"line":45,"column":3}},"loc":{"start":{"line":45,"column":24},"end":{"line":47,"column":3}},"line":45},"6":{"name":"(anonymous_6)","decl":{"start":{"line":49,"column":0},"end":{"line":49,"column":1}},"loc":{"start":{"line":49,"column":8},"end":{"line":57,"column":1}},"line":49}},"branchMap":{"0":{"loc":{"start":{"line":23,"column":29},"end":{"line":25,"column":61}},"type":"cond-expr","locations":[{"start":{"line":24,"column":8},"end":{"line":24,"column":14}},{"start":{"line":25,"column":8},"end":{"line":25,"column":61}}],"line":23},"1":{"loc":{"start":{"line":37,"column":6},"end":{"line":41,"column":7}},"type":"if","locations":[{"start":{"line":37,"column":6},"end":{"line":41,"column":7}},{"start":{"line":37,"column":6},"end":{"line":41,"column":7}}],"line":37}},"s":{"0":9,"1":9,"2":2,"3":2,"4":2,"5":2,"6":9,"7":9,"8":9,"9":6,"10":5,"11":17},"f":{"0":2,"1":2,"2":2,"3":9,"4":9,"5":5,"6":17},"b":{"0":[1,1],"1":[6,3]},"_coverageSchema":"1a1c01bbd47fc00a2c39e90264f33305004495a9","hash":"8172d8e2a335c1cd5c8ec2e8aa7954bc3f37c51b"}
,"C:\\Users\\HP\\Documents\\portfolio-website\\meet-app\\src\\CitySearch.js": {"path":"C:\\Users\\HP\\Documents\\portfolio-website\\meet-app\\src\\CitySearch.js","statementMap":{"0":{"start":{"line":6,"column":10},"end":{"line":10,"column":3}},"1":{"start":{"line":11,"column":23},"end":{"line":20,"column":3}},"2":{"start":{"line":12,"column":18},"end":{"line":12,"column":36}},"3":{"start":{"line":13,"column":24},"end":{"line":15,"column":6}},"4":{"start":{"line":14,"column":6},"end":{"line":14,"column":70}},"5":{"start":{"line":16,"column":4},"end":{"line":19,"column":7}},"6":{"start":{"line":22,"column":22},"end":{"line":28,"column":3}},"7":{"start":{"line":23,"column":4},"end":{"line":26,"column":7}},"8":{"start":{"line":27,"column":4},"end":{"line":27,"column":40}},"9":{"start":{"line":30,"column":4},"end":{"line":50,"column":6}},"10":{"start":{"line":38,"column":25},"end":{"line":38,"column":65}},"11":{"start":{"line":42,"column":6},"end":{"line":42,"column":95}},"12":{"start":{"line":42,"column":42},"end":{"line":42,"column":76}},"13":{"start":{"line":44,"column":37},"end":{"line":44,"column":66}}},"fnMap":{"0":{"name":"(anonymous_0)","decl":{"start":{"line":11,"column":23},"end":{"line":11,"column":24}},"loc":{"start":{"line":11,"column":34},"end":{"line":20,"column":3}},"line":11},"1":{"name":"(anonymous_1)","decl":{"start":{"line":13,"column":52},"end":{"line":13,"column":53}},"loc":{"start":{"line":13,"column":66},"end":{"line":15,"column":5}},"line":13},"2":{"name":"(anonymous_2)","decl":{"start":{"line":22,"column":22},"end":{"line":22,"column":23}},"loc":{"start":{"line":22,"column":38},"end":{"line":28,"column":3}},"line":22},"3":{"name":"(anonymous_3)","decl":{"start":{"line":29,"column":2},"end":{"line":29,"column":3}},"loc":{"start":{"line":29,"column":11},"end":{"line":51,"column":3}},"line":29},"4":{"name":"(anonymous_4)","decl":{"start":{"line":38,"column":17},"end":{"line":38,"column":18}},"loc":{"start":{"line":38,"column":23},"end":{"line":38,"column":67}},"line":38},"5":{"name":"(anonymous_5)","decl":{"start":{"line":41,"column":34},"end":{"line":41,"column":35}},"loc":{"start":{"line":42,"column":6},"end":{"line":42,"column":95}},"line":42},"6":{"name":"(anonymous_6)","decl":{"start":{"line":42,"column":36},"end":{"line":42,"column":37}},"loc":{"start":{"line":42,"column":42},"end":{"line":42,"column":76}},"line":42},"7":{"name":"(anonymous_7)","decl":{"start":{"line":44,"column":31},"end":{"line":44,"column":32}},"loc":{"start":{"line":44,"column":37},"end":{"line":44,"column":66}},"line":44}},"branchMap":{"0":{"loc":{"start":{"line":40,"column":41},"end":{"line":40,"column":93}},"type":"cond-expr","locations":[{"start":{"line":40,"column":70},"end":{"line":40,"column":72}},{"start":{"line":40,"column":74},"end":{"line":40,"column":93}}],"line":40}},"s":{"0":6,"1":6,"2":2,"3":2,"4":4,"5":2,"6":6,"7":4,"8":4,"9":23,"10":1,"11":17,"12":2,"13":1},"f":{"0":2,"1":4,"2":4,"3":23,"4":1,"5":17,"6":2,"7":1},"b":{"0":[1,22]},"_coverageSchema":"1a1c01bbd47fc00a2c39e90264f33305004495a9","hash":"50dceb549b740f2e5422128a25dd36375b0ecad6"}
,"C:\\Users\\HP\\Documents\\portfolio-website\\meet-app\\src\\Event.js": {"path":"C:\\Users\\HP\\Documents\\portfolio-website\\meet-app\\src\\Event.js","statementMap":{"0":{"start":{"line":6,"column":10},"end":{"line":9,"column":3}},"1":{"start":{"line":11,"column":25},"end":{"line":17,"column":3}},"2":{"start":{"line":12,"column":4},"end":{"line":16,"column":5}},"3":{"start":{"line":13,"column":6},"end":{"line":13,"column":48}},"4":{"start":{"line":15,"column":6},"end":{"line":15,"column":47}},"5":{"start":{"line":20,"column":22},"end":{"line":20,"column":32}},"6":{"start":{"line":22,"column":4},"end":{"line":40,"column":6}},"7":{"start":{"line":36,"column":56},"end":{"line":36,"column":83}}},"fnMap":{"0":{"name":"(anonymous_0)","decl":{"start":{"line":11,"column":25},"end":{"line":11,"column":26}},"loc":{"start":{"line":11,"column":31},"end":{"line":17,"column":3}},"line":11},"1":{"name":"(anonymous_1)","decl":{"start":{"line":19,"column":2},"end":{"line":19,"column":3}},"loc":{"start":{"line":19,"column":12},"end":{"line":41,"column":3}},"line":19},"2":{"name":"(anonymous_2)","decl":{"start":{"line":36,"column":50},"end":{"line":36,"column":51}},"loc":{"start":{"line":36,"column":56},"end":{"line":36,"column":83}},"line":36}},"branchMap":{"0":{"loc":{"start":{"line":12,"column":4},"end":{"line":16,"column":5}},"type":"if","locations":[{"start":{"line":12,"column":4},"end":{"line":16,"column":5}},{"start":{"line":12,"column":4},"end":{"line":16,"column":5}}],"line":12},"1":{"loc":{"start":{"line":28,"column":9},"end":{"line":34,"column":9}},"type":"binary-expr","locations":[{"start":{"line":28,"column":9},"end":{"line":28,"column":35}},{"start":{"line":29,"column":10},"end":{"line":33,"column":16}}],"line":28},"2":{"loc":{"start":{"line":37,"column":11},"end":{"line":37,"column":72}},"type":"cond-expr","locations":[{"start":{"line":37,"column":41},"end":{"line":37,"column":55}},{"start":{"line":37,"column":58},"end":{"line":37,"column":72}}],"line":37}},"s":{"0":5,"1":5,"2":2,"3":1,"4":1,"5":12,"6":12,"7":2},"f":{"0":2,"1":12,"2":2},"b":{"0":[1,1],"1":[12,2],"2":[10,2]},"_coverageSchema":"1a1c01bbd47fc00a2c39e90264f33305004495a9","hash":"e4d61cc54171c501aacc51caf67501e1f25b1a7a"}
,"C:\\Users\\HP\\Documents\\portfolio-website\\meet-app\\src\\EventList.js": {"path":"C:\\Users\\HP\\Documents\\portfolio-website\\meet-app\\src\\EventList.js","statementMap":{"0":{"start":{"line":10,"column":23},"end":{"line":10,"column":33}},"1":{"start":{"line":12,"column":4},"end":{"line":20,"column":6}},"2":{"start":{"line":15,"column":10},"end":{"line":17,"column":13}}},"fnMap":{"0":{"name":"(anonymous_0)","decl":{"start":{"line":8,"column":2},"end":{"line":8,"column":3}},"loc":{"start":{"line":8,"column":11},"end":{"line":21,"column":3}},"line":8},"1":{"name":"(anonymous_1)","decl":{"start":{"line":14,"column":20},"end":{"line":14,"column":21}},"loc":{"start":{"line":15,"column":10},"end":{"line":17,"column":13}},"line":15}},"branchMap":{},"s":{"0":10,"1":10,"2":9},"f":{"0":10,"1":9},"b":{},"_coverageSchema":"1a1c01bbd47fc00a2c39e90264f33305004495a9","hash":"8996915a598c093bea43de76269adaec8d33a729"}
,"C:\\Users\\HP\\Documents\\portfolio-website\\meet-app\\src\\NumberOfEvents.js": {"path":"C:\\Users\\HP\\Documents\\portfolio-website\\meet-app\\src\\NumberOfEvents.js","statementMap":{"0":{"start":{"line":5,"column":10},"end":{"line":7,"column":3}},"1":{"start":{"line":8,"column":28},"end":{"line":13,"column":3}},"2":{"start":{"line":9,"column":23},"end":{"line":9,"column":41}},"3":{"start":{"line":10,"column":4},"end":{"line":12,"column":7}},"4":{"start":{"line":16,"column":4},"end":{"line":27,"column":6}}},"fnMap":{"0":{"name":"(anonymous_0)","decl":{"start":{"line":8,"column":28},"end":{"line":8,"column":29}},"loc":{"start":{"line":8,"column":39},"end":{"line":13,"column":3}},"line":8},"1":{"name":"(anonymous_1)","decl":{"start":{"line":14,"column":2},"end":{"line":14,"column":3}},"loc":{"start":{"line":14,"column":11},"end":{"line":28,"column":3}},"line":14}},"branchMap":{},"s":{"0":7,"1":7,"2":1,"3":1,"4":12},"f":{"0":1,"1":12},"b":{},"_coverageSchema":"1a1c01bbd47fc00a2c39e90264f33305004495a9","hash":"c76c25874090125183b5bf2ab6429b8d8973f6bd"}
,"C:\\Users\\HP\\Documents\\portfolio-website\\meet-app\\src\\api.js": {"path":"C:\\Users\\HP\\Documents\\portfolio-website\\meet-app\\src\\api.js","statementMap":{"0":{"start":{"line":5,"column":33},"end":{"line":9,"column":1}},"1":{"start":{"line":6,"column":25},"end":{"line":6,"column":62}},"2":{"start":{"line":6,"column":47},"end":{"line":6,"column":61}},"3":{"start":{"line":7,"column":18},"end":{"line":7,"column":48}},"4":{"start":{"line":8,"column":2},"end":{"line":8,"column":19}},"5":{"start":{"line":11,"column":19},"end":{"line":19,"column":1}},"6":{"start":{"line":12,"column":17},"end":{"line":16,"column":35}},"7":{"start":{"line":15,"column":19},"end":{"line":15,"column":29}},"8":{"start":{"line":16,"column":22},"end":{"line":16,"column":34}},"9":{"start":{"line":18,"column":2},"end":{"line":18,"column":16}},"10":{"start":{"line":21,"column":25},"end":{"line":51,"column":1}},"11":{"start":{"line":22,"column":2},"end":{"line":22,"column":20}},"12":{"start":{"line":24,"column":2},"end":{"line":27,"column":3}},"13":{"start":{"line":25,"column":4},"end":{"line":25,"column":21}},"14":{"start":{"line":26,"column":4},"end":{"line":26,"column":20}},"15":{"start":{"line":29,"column":2},"end":{"line":34,"column":3}},"16":{"start":{"line":30,"column":19},"end":{"line":30,"column":53}},"17":{"start":{"line":31,"column":4},"end":{"line":31,"column":21}},"18":{"start":{"line":32,"column":4},"end":{"line":32,"column":24}},"19":{"start":{"line":33,"column":4},"end":{"line":33,"column":51}},"20":{"start":{"line":37,"column":16},"end":{"line":37,"column":38}},"21":{"start":{"line":39,"column":2},"end":{"line":50,"column":3}},"22":{"start":{"line":40,"column":4},"end":{"line":40,"column":18}},"23":{"start":{"line":41,"column":16},"end":{"line":41,"column":103}},"24":{"start":{"line":42,"column":19},"end":{"line":42,"column":39}},"25":{"start":{"line":43,"column":4},"end":{"line":47,"column":5}},"26":{"start":{"line":44,"column":22},"end":{"line":44,"column":58}},"27":{"start":{"line":45,"column":6},"end":{"line":45,"column":70}},"28":{"start":{"line":46,"column":6},"end":{"line":46,"column":67}},"29":{"start":{"line":48,"column":4},"end":{"line":48,"column":21}},"30":{"start":{"line":49,"column":4},"end":{"line":49,"column":30}},"31":{"start":{"line":53,"column":30},"end":{"line":71,"column":1}},"32":{"start":{"line":54,"column":20},"end":{"line":54,"column":56}},"33":{"start":{"line":55,"column":19},"end":{"line":55,"column":65}},"34":{"start":{"line":57,"column":2},"end":{"line":69,"column":3}},"35":{"start":{"line":58,"column":4},"end":{"line":58,"column":50}},"36":{"start":{"line":59,"column":25},"end":{"line":59,"column":68}},"37":{"start":{"line":60,"column":17},"end":{"line":60,"column":47}},"38":{"start":{"line":61,"column":4},"end":{"line":67,"column":5}},"39":{"start":{"line":62,"column":22},"end":{"line":64,"column":7}},"40":{"start":{"line":65,"column":26},"end":{"line":65,"column":38}},"41":{"start":{"line":66,"column":6},"end":{"line":66,"column":46}},"42":{"start":{"line":68,"column":4},"end":{"line":68,"column":34}},"43":{"start":{"line":70,"column":2},"end":{"line":70,"column":21}},"44":{"start":{"line":73,"column":20},"end":{"line":85,"column":1}},"45":{"start":{"line":74,"column":2},"end":{"line":84,"column":3}},"46":{"start":{"line":76,"column":6},"end":{"line":79,"column":30}},"47":{"start":{"line":80,"column":4},"end":{"line":80,"column":45}},"48":{"start":{"line":82,"column":4},"end":{"line":82,"column":68}},"49":{"start":{"line":83,"column":4},"end":{"line":83,"column":45}},"50":{"start":{"line":87,"column":17},"end":{"line":100,"column":1}},"51":{"start":{"line":88,"column":21},"end":{"line":88,"column":45}},"52":{"start":{"line":89,"column":27},"end":{"line":95,"column":28}},"53":{"start":{"line":93,"column":6},"end":{"line":93,"column":24}},"54":{"start":{"line":95,"column":22},"end":{"line":95,"column":27}},"55":{"start":{"line":97,"column":2},"end":{"line":97,"column":69}},"56":{"start":{"line":99,"column":2},"end":{"line":99,"column":22}}},"fnMap":{"0":{"name":"(anonymous_0)","decl":{"start":{"line":5,"column":33},"end":{"line":5,"column":34}},"loc":{"start":{"line":5,"column":45},"end":{"line":9,"column":1}},"line":5},"1":{"name":"(anonymous_1)","decl":{"start":{"line":6,"column":36},"end":{"line":6,"column":37}},"loc":{"start":{"line":6,"column":47},"end":{"line":6,"column":61}},"line":6},"2":{"name":"(anonymous_2)","decl":{"start":{"line":11,"column":19},"end":{"line":11,"column":20}},"loc":{"start":{"line":11,"column":42},"end":{"line":19,"column":1}},"line":11},"3":{"name":"(anonymous_3)","decl":{"start":{"line":15,"column":10},"end":{"line":15,"column":11}},"loc":{"start":{"line":15,"column":19},"end":{"line":15,"column":29}},"line":15},"4":{"name":"(anonymous_4)","decl":{"start":{"line":16,"column":11},"end":{"line":16,"column":12}},"loc":{"start":{"line":16,"column":22},"end":{"line":16,"column":34}},"line":16},"5":{"name":"(anonymous_5)","decl":{"start":{"line":21,"column":25},"end":{"line":21,"column":26}},"loc":{"start":{"line":21,"column":37},"end":{"line":51,"column":1}},"line":21},"6":{"name":"(anonymous_6)","decl":{"start":{"line":53,"column":30},"end":{"line":53,"column":31}},"loc":{"start":{"line":53,"column":42},"end":{"line":71,"column":1}},"line":53},"7":{"name":"(anonymous_7)","decl":{"start":{"line":73,"column":20},"end":{"line":73,"column":21}},"loc":{"start":{"line":73,"column":26},"end":{"line":85,"column":1}},"line":73},"8":{"name":"(anonymous_8)","decl":{"start":{"line":87,"column":17},"end":{"line":87,"column":18}},"loc":{"start":{"line":87,"column":33},"end":{"line":100,"column":1}},"line":87},"9":{"name":"(anonymous_9)","decl":{"start":{"line":92,"column":10},"end":{"line":92,"column":11}},"loc":{"start":{"line":92,"column":19},"end":{"line":94,"column":5}},"line":92},"10":{"name":"(anonymous_10)","decl":{"start":{"line":95,"column":11},"end":{"line":95,"column":12}},"loc":{"start":{"line":95,"column":22},"end":{"line":95,"column":27}},"line":95}},"branchMap":{"0":{"loc":{"start":{"line":24,"column":2},"end":{"line":27,"column":3}},"type":"if","locations":[{"start":{"line":24,"column":2},"end":{"line":27,"column":3}},{"start":{"line":24,"column":2},"end":{"line":27,"column":3}}],"line":24},"1":{"loc":{"start":{"line":29,"column":2},"end":{"line":34,"column":3}},"type":"if","locations":[{"start":{"line":29,"column":2},"end":{"line":34,"column":3}},{"start":{"line":29,"column":2},"end":{"line":34,"column":3}}],"line":29},"2":{"loc":{"start":{"line":33,"column":11},"end":{"line":33,"column":50}},"type":"cond-expr","locations":[{"start":{"line":33,"column":20},"end":{"line":33,"column":45}},{"start":{"line":33,"column":48},"end":{"line":33,"column":50}}],"line":33},"3":{"loc":{"start":{"line":39,"column":2},"end":{"line":50,"column":3}},"type":"if","locations":[{"start":{"line":39,"column":2},"end":{"line":50,"column":3}},{"start":{"line":39,"column":2},"end":{"line":50,"column":3}}],"line":39},"4":{"loc":{"start":{"line":43,"column":4},"end":{"line":47,"column":5}},"type":"if","locations":[{"start":{"line":43,"column":4},"end":{"line":47,"column":5}},{"start":{"line":43,"column":4},"end":{"line":47,"column":5}}],"line":43},"5":{"loc":{"start":{"line":55,"column":19},"end":{"line":55,"column":65}},"type":"binary-expr","locations":[{"start":{"line":55,"column":19},"end":{"line":55,"column":30}},{"start":{"line":55,"column":35},"end":{"line":55,"column":64}}],"line":55},"6":{"loc":{"start":{"line":57,"column":2},"end":{"line":69,"column":3}},"type":"if","locations":[{"start":{"line":57,"column":2},"end":{"line":69,"column":3}},{"start":{"line":57,"column":2},"end":{"line":69,"column":3}}],"line":57},"7":{"loc":{"start":{"line":57,"column":6},"end":{"line":57,"column":38}},"type":"binary-expr","locations":[{"start":{"line":57,"column":6},"end":{"line":57,"column":18}},{"start":{"line":57,"column":22},"end":{"line":57,"column":38}}],"line":57},"8":{"loc":{"start":{"line":61,"column":4},"end":{"line":67,"column":5}},"type":"if","locations":[{"start":{"line":61,"column":4},"end":{"line":67,"column":5}},{"start":{"line":61,"column":4},"end":{"line":67,"column":5}}],"line":61},"9":{"loc":{"start":{"line":68,"column":11},"end":{"line":68,"column":33}},"type":"binary-expr","locations":[{"start":{"line":68,"column":11},"end":{"line":68,"column":15}},{"start":{"line":68,"column":19},"end":{"line":68,"column":33}}],"line":68},"10":{"loc":{"start":{"line":74,"column":2},"end":{"line":84,"column":3}},"type":"if","locations":[{"start":{"line":74,"column":2},"end":{"line":84,"column":3}},{"start":{"line":74,"column":2},"end":{"line":84,"column":3}}],"line":74},"11":{"loc":{"start":{"line":74,"column":6},"end":{"line":74,"column":58}},"type":"binary-expr","locations":[{"start":{"line":74,"column":6},"end":{"line":74,"column":30}},{"start":{"line":74,"column":34},"end":{"line":74,"column":58}}],"line":74},"12":{"loc":{"start":{"line":97,"column":2},"end":{"line":97,"column":68}},"type":"binary-expr","locations":[{"start":{"line":97,"column":2},"end":{"line":97,"column":14}},{"start":{"line":97,"column":18},"end":{"line":97,"column":68}}],"line":97}},"s":{"0":2,"1":9,"2":18,"3":9,"4":9,"5":2,"6":0,"7":0,"8":0,"9":0,"10":2,"11":13,"12":13,"13":13,"14":13,"15":0,"16":0,"17":0,"18":0,"19":0,"20":0,"21":0,"22":0,"23":0,"24":0,"25":0,"26":0,"27":0,"28":0,"29":0,"30":0,"31":2,"32":0,"33":0,"34":0,"35":0,"36":0,"37":0,"38":0,"39":0,"40":0,"41":0,"42":0,"43":0,"44":2,"45":0,"46":0,"47":0,"48":0,"49":0,"50":2,"51":0,"52":0,"53":0,"54":0,"55":0,"56":0},"f":{"0":9,"1":18,"2":0,"3":0,"4":0,"5":13,"6":0,"7":0,"8":0,"9":0,"10":0},"b":{"0":[13,0],"1":[0,0],"2":[0,0],"3":[0,0],"4":[0,0],"5":[0,0],"6":[0,0],"7":[0,0],"8":[0,0],"9":[0,0],"10":[0,0],"11":[0,0],"12":[0,0]},"_coverageSchema":"1a1c01bbd47fc00a2c39e90264f33305004495a9","hash":"f1fc9d496cced066af3dcca7458a50118df0e098"}
,"C:\\Users\\HP\\Documents\\portfolio-website\\meet-app\\src\\mock-data.js": {"path":"C:\\Users\\HP\\Documents\\portfolio-website\\meet-app\\src\\mock-data.js","statementMap":{"0":{"start":{"line":3,"column":17},"end":{"line":82,"column":1}},"1":{"start":{"line":84,"column":16},"end":{"line":124,"column":1}}},"fnMap":{},"branchMap":{},"s":{"0":4,"1":4},"f":{},"b":{},"_coverageSchema":"1a1c01bbd47fc00a2c39e90264f33305004495a9","hash":"c8558825895b121964c82ee3255d9fb7f4fa2406"}
}
