TN:
SF:src\App.js
FN:20,(anonymous_0)
FN:22,(anonymous_1)
FN:25,(anonymous_2)
FN:34,(anonymous_3)
FN:36,(anonymous_4)
FN:45,(anonymous_5)
FN:49,(anonymous_6)
FNF:7
FNH:7
FNDA:2,(anonymous_0)
FNDA:2,(anonymous_1)
FNDA:2,(anonymous_2)
FNDA:9,(anonymous_3)
FNDA:9,(anonymous_4)
FNDA:5,(anonymous_5)
FNDA:17,(anonymous_6)
DA:12,9
DA:20,9
DA:22,2
DA:23,2
DA:25,2
DA:26,2
DA:35,9
DA:36,9
DA:37,9
DA:38,6
DA:46,5
DA:50,17
LF:12
LH:12
BRDA:23,0,0,1
BRDA:23,0,1,1
BRDA:37,1,0,6
BRDA:37,1,1,3
BRF:4
BRH:4
end_of_record
TN:
SF:src\CitySearch.js
FN:11,(anonymous_0)
FN:13,(anonymous_1)
FN:22,(anonymous_2)
FN:29,(anonymous_3)
FN:38,(anonymous_4)
FN:41,(anonymous_5)
FN:42,(anonymous_6)
FN:44,(anonymous_7)
FNF:8
FNH:8
FNDA:2,(anonymous_0)
FNDA:4,(anonymous_1)
FNDA:4,(anonymous_2)
FNDA:23,(anonymous_3)
FNDA:1,(anonymous_4)
FNDA:17,(anonymous_5)
FNDA:2,(anonymous_6)
FNDA:1,(anonymous_7)
DA:6,6
DA:11,6
DA:12,2
DA:13,2
DA:14,4
DA:16,2
DA:22,6
DA:23,4
DA:27,4
DA:30,23
DA:38,1
DA:42,17
DA:44,1
LF:13
LH:13
BRDA:40,0,0,1
BRDA:40,0,1,22
BRF:2
BRH:2
end_of_record
TN:
SF:src\Event.js
FN:11,(anonymous_0)
FN:19,(anonymous_1)
FN:36,(anonymous_2)
FNF:3
FNH:3
FNDA:2,(anonymous_0)
FNDA:12,(anonymous_1)
FNDA:2,(anonymous_2)
DA:6,5
DA:11,5
DA:12,2
DA:13,1
DA:15,1
DA:20,12
DA:22,12
DA:36,2
LF:8
LH:8
BRDA:12,0,0,1
BRDA:12,0,1,1
BRDA:28,1,0,12
BRDA:28,1,1,2
BRDA:37,2,0,10
BRDA:37,2,1,2
BRF:6
BRH:6
end_of_record
TN:
SF:src\EventList.js
FN:8,(anonymous_0)
FN:14,(anonymous_1)
FNF:2
FNH:2
FNDA:10,(anonymous_0)
FNDA:9,(anonymous_1)
DA:10,10
DA:12,10
DA:15,9
LF:3
LH:3
BRF:0
BRH:0
end_of_record
TN:
SF:src\NumberOfEvents.js
FN:8,(anonymous_0)
FN:14,(anonymous_1)
FNF:2
FNH:2
FNDA:1,(anonymous_0)
FNDA:12,(anonymous_1)
DA:5,7
DA:8,7
DA:9,1
DA:10,1
DA:16,12
LF:5
LH:5
BRF:0
BRH:0
end_of_record
TN:
SF:src\api.js
FN:5,(anonymous_0)
FN:6,(anonymous_1)
FN:11,(anonymous_2)
FN:15,(anonymous_3)
FN:16,(anonymous_4)
FN:21,(anonymous_5)
FN:53,(anonymous_6)
FN:73,(anonymous_7)
FN:87,(anonymous_8)
FN:92,(anonymous_9)
FN:95,(anonymous_10)
FNF:11
FNH:3
FNDA:9,(anonymous_0)
FNDA:18,(anonymous_1)
FNDA:0,(anonymous_2)
FNDA:0,(anonymous_3)
FNDA:0,(anonymous_4)
FNDA:13,(anonymous_5)
FNDA:0,(anonymous_6)
FNDA:0,(anonymous_7)
FNDA:0,(anonymous_8)
FNDA:0,(anonymous_9)
FNDA:0,(anonymous_10)
DA:5,2
DA:6,18
DA:7,9
DA:8,9
DA:11,2
DA:12,0
DA:15,0
DA:16,0
DA:18,0
DA:21,2
DA:22,13
DA:24,13
DA:25,13
DA:26,13
DA:29,0
DA:30,0
DA:31,0
DA:32,0
DA:33,0
DA:37,0
DA:39,0
DA:40,0
DA:41,0
DA:42,0
DA:43,0
DA:44,0
DA:45,0
DA:46,0
DA:48,0
DA:49,0
DA:53,2
DA:54,0
DA:55,0
DA:57,0
DA:58,0
DA:59,0
DA:60,0
DA:61,0
DA:62,0
DA:65,0
DA:66,0
DA:68,0
DA:70,0
DA:73,2
DA:74,0
DA:76,0
DA:80,0
DA:82,0
DA:83,0
DA:87,2
DA:88,0
DA:89,0
DA:93,0
DA:95,0
DA:97,0
DA:99,0
LF:56
LH:13
BRDA:24,0,0,13
BRDA:24,0,1,0
BRDA:29,1,0,0
BRDA:29,1,1,0
BRDA:33,2,0,0
BRDA:33,2,1,0
BRDA:39,3,0,0
BRDA:39,3,1,0
BRDA:43,4,0,0
BRDA:43,4,1,0
BRDA:55,5,0,0
BRDA:55,5,1,0
BRDA:57,6,0,0
BRDA:57,6,1,0
BRDA:57,7,0,0
BRDA:57,7,1,0
BRDA:61,8,0,0
BRDA:61,8,1,0
BRDA:68,9,0,0
BRDA:68,9,1,0
BRDA:74,10,0,0
BRDA:74,10,1,0
BRDA:74,11,0,0
BRDA:74,11,1,0
BRDA:97,12,0,0
BRDA:97,12,1,0
BRF:26
BRH:1
end_of_record
TN:
SF:src\mock-data.js
FNF:0
FNH:0
DA:3,4
DA:84,4
LF:2
LH:2
BRF:0
BRH:0
end_of_record
